<?xml version="1.0" encoding="UTF-8"?>
<!-- Generated by org.testng.reporters.JUnitXMLReporter -->
<testsuite hostname="Spear-laptop" ignored="0" name="smoke" tests="3" failures="3" timestamp="27 Oct 2018 15:32:28 GMT" time="53.962" errors="0">
  <testcase name="Login" time="24.675" classname="weinvest.test.TaskATest">
    <failure type="java.lang.NullPointerException">
      <![CDATA[java.lang.NullPointerException
at weinvest.PageObjects.TaskA.slider(TaskA.java:120)
at weinvest.test.TaskATest.Login(TaskATest.java:25)
... Removed 25 stack frames]]>
    </failure>
  </testcase> <!-- Login -->
  <testcase name="Login" time="18.348" classname="weinvest.test.TaskBTest">
    <failure type="java.lang.NullPointerException">
      <![CDATA[java.lang.NullPointerException
at weinvest.PageObjects.TaskB.ClickOnAddStock(TaskB.java:81)
at weinvest.test.TaskBTest.Login(TaskBTest.java:24)
... Removed 25 stack frames]]>
    </failure>
  </testcase> <!-- Login -->
  <testcase name="Login" time="10.878" classname="weinvest.test.TaskCTest">
    <failure type="java.lang.NullPointerException">
      <![CDATA[java.lang.NullPointerException
at weinvest.PageObjects.TaskC.resizeBrowser(TaskC.java:53)
at weinvest.test.TaskCTest.Login(TaskCTest.java:22)
... Removed 25 stack frames]]>
    </failure>
  </testcase> <!-- Login -->
</testsuite> <!-- smoke -->
